<?xml version="1.0" encoding="UTF-8"?>
<testsuite name="br.com.simple.StudentEndpointTest" time="0.459" tests="5" errors="0" skipped="0" failures="0">
  <properties>
[...]
</properties>
  <testcase name="listStudentWhenUsernameAndPasswordAreIncorrectShouldReturnStatusCode401" classname="br.com.simple.StudentEndpointTest" time="0.29"/>
  <testcase name="listStudentWhenUsernameAndPasswordAreCorrectShouldReturnStatusCode200" classname="br.com.simple.StudentEndpointTest" time="0.025"/>
  <testcase name="getStudentByIdWhenUsernameAndPasswordAreIncorrectShouldReturnStatusCode401" classname="br.com.simple.StudentEndpointTest" time="0.107"/>
  <testcase name="getStudentByIdWhenUsernameAndPasswordAreCorrectAndStudentDoesNotExistShouldReturnStatusCode200" classname="br.com.simple.StudentEndpointTest" time="0.024"/>
  <testcase name="getStudentByIdWhenUsernameAndPasswordAreCorrectShouldReturnStatusCode200" classname="br.com.simple.StudentEndpointTest" time="0.013"/>
</testsuite>